<?xml version="1.0" encoding="utf-8"?><testsuites name="pytest tests"><testsuite name="pytest" errors="0" failures="0" skipped="0" tests="25" time="3.492" timestamp="2026-06-06T08:44:14.571265+00:00" hostname="agent-env-d7a360af-9f29-4366-8ebb-f27d136073ca"><testcase classname="backend.tests.test_backend" name="test_health" time="0.198" /><testcase classname="backend.tests.test_backend.TestAuth" name="test_admin_login_success" time="0.235" /><testcase classname="backend.tests.test_backend.TestAuth" name="test_login_invalid" time="0.214" /><testcase classname="backend.tests.test_backend.TestAuth" name="test_login_missing_field" time="0.129" /><testcase classname="backend.tests.test_backend.TestAuth" name="test_me_requires_token" time="0.103" /><testcase classname="backend.tests.test_backend.TestAuth" name="test_me_with_token" time="0.329" /><testcase classname="backend.tests.test_backend.TestUsers" name="test_create_and_list_operator" time="0.281" /><testcase classname="backend.tests.test_backend.TestUsers" name="test_operator_login_works" time="0.178" /><testcase classname="backend.tests.test_backend.TestUsers" name="test_toggle_active" time="0.423" /><testcase classname="backend.tests.test_backend.TestUsers" name="test_operator_cannot_list_users" time="0.098" /><testcase classname="backend.tests.test_backend.TestMasters" name="test_list_machines" time="0.049" /><testcase classname="backend.tests.test_backend.TestMasters" name="test_lookup_existing" time="0.051" /><testcase classname="backend.tests.test_backend.TestMasters" name="test_lookup_unknown" time="0.049" /><testcase classname="backend.tests.test_backend.TestMasters" name="test_summary" time="0.048" /><testcase classname="backend.tests.test_backend.TestScans" name="test_create_session_and_scan_with_duplicate" time="0.239" /><testcase classname="backend.tests.test_backend.TestScans" name="test_invalid_machine_process_mapping" time="0.203" /><testcase classname="backend.tests.test_backend.TestScans" name="test_batch_no_records" time="0.048" /><testcase classname="backend.tests.test_backend.TestReports" name="test_operator_blocked_from_reports" time="0.104" /><testcase classname="backend.tests.test_backend.TestReports" name="test_daily" time="0.050" /><testcase classname="backend.tests.test_backend.TestReports" name="test_weekly" time="0.048" /><testcase classname="backend.tests.test_backend.TestReports" name="test_weekly_missing_params" time="0.052" /><testcase classname="backend.tests.test_backend.TestReports" name="test_monthly" time="0.048" /><testcase classname="backend.tests.test_backend.TestReports" name="test_export_excel" time="0.072" /><testcase classname="backend.tests.test_backend.TestReports" name="test_export_csv" time="0.048" /><testcase classname="backend.tests.test_backend" name="test_zz_cleanup" time="0.051" /></testsuite></testsuites>